[2026-04-17 22:32:14] local.ERROR: The "C:\Users\Roy\Documents\Projects\Doc Gubantes\dr-simon-medrec-be\resources\views" directory does not exist. {"exception":"[object] (Symfony\\Component\\Finder\\Exception\\DirectoryNotFoundException(code: 0): The \"C:\\Users\\Roy\\Documents\\Projects\\Doc Gubantes\\dr-simon-medrec-be\\resources\\views\" directory does not exist. at C:/Users/Roy/Documents/Projects/Doc Gubantes/pulse-cloud-be/vendor/symfony/finder/Finder.php:648)
[stacktrace]
#0 C:/Users/Roy/Documents/Projects/Doc Gubantes/pulse-cloud-be/vendor/laravel/framework/src/Illuminate/Foundation/Console/ViewCacheCommand.php(88): Symfony/Component/Finder/Finder->in(Array)
#1 C:/Users/Roy/Documents/Projects/Doc Gubantes/pulse-cloud-be/vendor/laravel/framework/src/Illuminate/Foundation/Console/ViewCacheCommand.php(43): Illuminate/Foundation/Console/ViewCacheCommand->bladeFilesIn(Array)
#2 C:/Users/Roy/Documents/Projects/Doc Gubantes/pulse-cloud-be/vendor/laravel/framework/src/Illuminate/Collections/Traits/EnumeratesValues.php(275): Illuminate/Foundation/Console/ViewCacheCommand->Illuminate/Foundation/Console/{closure}('C://Users//Roy//Do...', 0)
#3 C:/Users/Roy/Documents/Projects/Doc Gubantes/pulse-cloud-be/vendor/laravel/framework/src/Illuminate/Foundation/Console/ViewCacheCommand.php(38): Illuminate/Support/Collection->each(Object(Closure))
#4 C:/Users/Roy/Documents/Projects/Doc Gubantes/pulse-cloud-be/vendor/laravel/framework/src/Illuminate/Container/BoundMethod.php(36): Illuminate/Foundation/Console/ViewCacheCommand->handle()
#5 C:/Users/Roy/Documents/Projects/Doc Gubantes/pulse-cloud-be/vendor/laravel/framework/src/Illuminate/Container/Util.php(43): Illuminate/Container/BoundMethod::Illuminate/Container/{closure}()
#6 C:/Users/Roy/Documents/Projects/Doc Gubantes/pulse-cloud-be/vendor/laravel/framework/src/Illuminate/Container/BoundMethod.php(96): Illuminate/Container/Util::unwrapIfClosure(Object(Closure))
#7 C:/Users/Roy/Documents/Projects/Doc Gubantes/pulse-cloud-be/vendor/laravel/framework/src/Illuminate/Container/BoundMethod.php(35): Illuminate/Container/BoundMethod::callBoundMethod(Object(Illuminate/Foundation/Application), Array, Object(Closure))
#8 C:/Users/Roy/Documents/Projects/Doc Gubantes/pulse-cloud-be/vendor/laravel/framework/src/Illuminate/Container/Container.php(799): Illuminate/Container/BoundMethod::call(Object(Illuminate/Foundation/Application), Array, Array, NULL)
#9 C:/Users/Roy/Documents/Projects/Doc Gubantes/pulse-cloud-be/vendor/laravel/framework/src/Illuminate/Console/Command.php(211): Illuminate/Container/Container->call(Array)
#10 C:/Users/Roy/Documents/Projects/Doc Gubantes/pulse-cloud-be/vendor/symfony/console/Command/Command.php(341): Illuminate/Console/Command->execute(Object(Symfony/Component/Console/Input/ArrayInput), Object(Illuminate/Console/OutputStyle))
#11 C:/Users/Roy/Documents/Projects/Doc Gubantes/pulse-cloud-be/vendor/laravel/framework/src/Illuminate/Console/Command.php(180): Symfony/Component/Console/Command/Command->run(Object(Symfony/Component/Console/Input/ArrayInput), Object(Illuminate/Console/OutputStyle))
#12 C:/Users/Roy/Documents/Projects/Doc Gubantes/pulse-cloud-be/vendor/laravel/framework/src/Illuminate/Console/Concerns/CallsCommands.php(68): Illuminate/Console/Command->run(Object(Symfony/Component/Console/Input/ArrayInput), Object(Symfony/Component/Console/Output/NullOutput))
#13 C:/Users/Roy/Documents/Projects/Doc Gubantes/pulse-cloud-be/vendor/laravel/framework/src/Illuminate/Console/Concerns/CallsCommands.php(41): Illuminate/Console/Command->runCommand('view:cache', Array, Object(Symfony/Component/Console/Output/NullOutput))
#14 C:/Users/Roy/Documents/Projects/Doc Gubantes/pulse-cloud-be/vendor/laravel/framework/src/Illuminate/Console/Concerns/CallsCommands.php(53): Illuminate/Console/Command->callSilent('view:cache', Array)
#15 C:/Users/Roy/Documents/Projects/Doc Gubantes/pulse-cloud-be/vendor/laravel/framework/src/Illuminate/Foundation/Console/OptimizeCommand.php(48): Illuminate/Console/Command->callSilently('view:cache')
#16 C:/Users/Roy/Documents/Projects/Doc Gubantes/pulse-cloud-be/vendor/laravel/framework/src/Illuminate/Console/View/Components/Task.php(41): Illuminate/Foundation/Console/OptimizeCommand->Illuminate/Foundation/Console/{closure}()
#17 C:/Users/Roy/Documents/Projects/Doc Gubantes/pulse-cloud-be/vendor/laravel/framework/src/Illuminate/Console/View/Components/Factory.php(59): Illuminate/Console/View/Components/Task->render('views', Object(Closure))
#18 C:/Users/Roy/Documents/Projects/Doc Gubantes/pulse-cloud-be/vendor/laravel/framework/src/Illuminate/Foundation/Console/OptimizeCommand.php(48): Illuminate/Console/View/Components/Factory->__call('task', Array)
#19 C:/Users/Roy/Documents/Projects/Doc Gubantes/pulse-cloud-be/vendor/laravel/framework/src/Illuminate/Container/BoundMethod.php(36): Illuminate/Foundation/Console/OptimizeCommand->handle()
#20 C:/Users/Roy/Documents/Projects/Doc Gubantes/pulse-cloud-be/vendor/laravel/framework/src/Illuminate/Container/Util.php(43): Illuminate/Container/BoundMethod::Illuminate/Container/{closure}()
#21 C:/Users/Roy/Documents/Projects/Doc Gubantes/pulse-cloud-be/vendor/laravel/framework/src/Illuminate/Container/BoundMethod.php(96): Illuminate/Container/Util::unwrapIfClosure(Object(Closure))
#22 C:/Users/Roy/Documents/Projects/Doc Gubantes/pulse-cloud-be/vendor/laravel/framework/src/Illuminate/Container/BoundMethod.php(35): Illuminate/Container/BoundMethod::callBoundMethod(Object(Illuminate/Foundation/Application), Array, Object(Closure))
#23 C:/Users/Roy/Documents/Projects/Doc Gubantes/pulse-cloud-be/vendor/laravel/framework/src/Illuminate/Container/Container.php(799): Illuminate/Container/BoundMethod::call(Object(Illuminate/Foundation/Application), Array, Array, NULL)
#24 C:/Users/Roy/Documents/Projects/Doc Gubantes/pulse-cloud-be/vendor/laravel/framework/src/Illuminate/Console/Command.php(211): Illuminate/Container/Container->call(Array)
#25 C:/Users/Roy/Documents/Projects/Doc Gubantes/pulse-cloud-be/vendor/symfony/console/Command/Command.php(341): Illuminate/Console/Command->execute(Object(Symfony/Component/Console/Input/ArgvInput), Object(Illuminate/Console/OutputStyle))
#26 C:/Users/Roy/Documents/Projects/Doc Gubantes/pulse-cloud-be/vendor/laravel/framework/src/Illuminate/Console/Command.php(180): Symfony/Component/Console/Command/Command->run(Object(Symfony/Component/Console/Input/ArgvInput), Object(Illuminate/Console/OutputStyle))
#27 C:/Users/Roy/Documents/Projects/Doc Gubantes/pulse-cloud-be/vendor/symfony/console/Application.php(1117): Illuminate/Console/Command->run(Object(Symfony/Component/Console/Input/ArgvInput), Object(Symfony/Component/Console/Output/ConsoleOutput))
#28 C:/Users/Roy/Documents/Projects/Doc Gubantes/pulse-cloud-be/vendor/symfony/console/Application.php(356): Symfony/Component/Console/Application->doRunCommand(Object(Illuminate/Foundation/Console/OptimizeCommand), Object(Symfony/Component/Console/Input/ArgvInput), Object(Symfony/Component/Console/Output/ConsoleOutput))
#29 C:/Users/Roy/Documents/Projects/Doc Gubantes/pulse-cloud-be/vendor/symfony/console/Application.php(195): Symfony/Component/Console/Application->doRun(Object(Symfony/Component/Console/Input/ArgvInput), Object(Symfony/Component/Console/Output/ConsoleOutput))
#30 C:/Users/Roy/Documents/Projects/Doc Gubantes/pulse-cloud-be/vendor/laravel/framework/src/Illuminate/Foundation/Console/Kernel.php(198): Symfony/Component/Console/Application->run(Object(Symfony/Component/Console/Input/ArgvInput), Object(Symfony/Component/Console/Output/ConsoleOutput))
#31 C:/Users/Roy/Documents/Projects/Doc Gubantes/pulse-cloud-be/vendor/laravel/framework/src/Illuminate/Foundation/Application.php(1235): Illuminate/Foundation/Console/Kernel->handle(Object(Symfony/Component/Console/Input/ArgvInput), Object(Symfony/Component/Console/Output/ConsoleOutput))
#32 C:/Users/Roy/Documents/Projects/Doc Gubantes/pulse-cloud-be/artisan(16): Illuminate/Foundation/Application->handleCommand(Object(Symfony/Component/Console/Input/ArgvInput))
#33 {main}
"} 
